build/app/intermediates/manifest_merge_blame_file/debug/manifest-merger-blame-debug-report.txt
1<?xml version="1.0" encoding="utf-8"?>
2<manifest xmlns:android="http://schemas.android.com/apk/res/android"
3    package="co.hussain.voicechatapp"
4    android:versionCode="1"
5    android:versionName="1.0.0" >
6
7    <uses-sdk
8        android:minSdkVersion="21"
9        android:targetSdkVersion="33" />
10    <!--
11         The INTERNET permission is required for development. Specifically,
12         the Flutter tool needs it to communicate with the running application
13         to allow setting breakpoints, to provide hot reload, etc.
14    -->
15    <uses-permission android:name="android.permission.INTERNET" />
15-->src\main\AndroidManifest.xml:4:2-64
15-->src\main\AndroidManifest.xml:4:19-61
16    <uses-permission android:name="android.permission.ACCESS_WIFI_STATE" />
16-->src\main\AndroidManifest.xml:2:2-73
16-->src\main\AndroidManifest.xml:2:19-70
17    <uses-permission android:name="android.permission.RECORD_AUDIO" />
17-->src\main\AndroidManifest.xml:3:2-68
17-->src\main\AndroidManifest.xml:3:19-65
18    <uses-permission android:name="android.permission.ACCESS_NETWORK_STATE" />
18-->src\main\AndroidManifest.xml:5:2-76
18-->src\main\AndroidManifest.xml:5:19-73
19    <uses-permission android:name="android.permission.CAMERA" />
19-->src\main\AndroidManifest.xml:6:2-62
19-->src\main\AndroidManifest.xml:6:19-59
20    <uses-permission android:name="android.permission.BLUETOOTH" />
20-->src\main\AndroidManifest.xml:7:2-65
20-->src\main\AndroidManifest.xml:7:19-62
21    <uses-permission android:name="android.permission.MODIFY_AUDIO_SETTINGS" />
21-->src\main\AndroidManifest.xml:8:2-77
21-->src\main\AndroidManifest.xml:8:19-74
22    <uses-permission android:name="android.permission.WRITE_EXTERNAL_STORAGE" />
22-->src\main\AndroidManifest.xml:9:2-78
22-->src\main\AndroidManifest.xml:9:19-75
23    <uses-permission android:name="android.permission.READ_PHONE_STATE" />
23-->src\main\AndroidManifest.xml:10:2-72
23-->src\main\AndroidManifest.xml:10:19-69
24    <uses-permission android:name="android.permission.WAKE_LOCK" />
24-->src\main\AndroidManifest.xml:11:2-65
24-->src\main\AndroidManifest.xml:11:19-62
25    <uses-permission android:name="android.permission.READ_EXTERNAL_STORAGE" />
25-->[:file_picker] AndroidManifest.xml:9:5-80
25-->[:file_picker] AndroidManifest.xml:9:22-77
26
27    <queries>
27-->[:file_picker] AndroidManifest.xml:11:5-17:15
28        <intent>
28-->[:file_picker] AndroidManifest.xml:12:9-16:18
29            <action android:name="android.intent.action.GET_CONTENT" />
29-->[:file_picker] AndroidManifest.xml:13:13-72
29-->[:file_picker] AndroidManifest.xml:13:21-69
30
31            <data android:mimeType="*/*" />
31-->[:file_picker] AndroidManifest.xml:15:13-44
31-->[:file_picker] AndroidManifest.xml:15:19-41
32        </intent>
33        <intent>
33-->[im.zego:zpns:2.3.0] AndroidManifest.xml:18:9-20:18
34            <action android:name="com.huawei.hms.core.aidlservice" />
34-->[im.zego:zpns:2.3.0] AndroidManifest.xml:19:13-70
34-->[im.zego:zpns:2.3.0] AndroidManifest.xml:19:21-67
35        </intent>
36    </queries>
37
38    <uses-permission android:name="android.permission.FOREGROUND_SERVICE" />
38-->[:zego_express_engine] AndroidManifest.xml:9:5-77
38-->[:zego_express_engine] AndroidManifest.xml:9:22-74
39    <uses-permission android:name="android.permission.USE_FULL_SCREEN_INTENT" />
39-->[:flutter_callkit_incoming] AndroidManifest.xml:9:5-81
39-->[:flutter_callkit_incoming] AndroidManifest.xml:9:22-78
40    <uses-permission android:name="android.permission.VIBRATE" />
40-->[:flutter_callkit_incoming] AndroidManifest.xml:11:5-66
40-->[:flutter_callkit_incoming] AndroidManifest.xml:11:22-63
41    <uses-permission android:name="android.permission.ACCESS_NOTIFICATION_POLICY" />
41-->[:flutter_callkit_incoming] AndroidManifest.xml:13:5-85
41-->[:flutter_callkit_incoming] AndroidManifest.xml:13:22-82
42    <uses-permission android:name="android.permission.RECEIVE_BOOT_COMPLETED" />
42-->[androidx.work:work-runtime:2.7.1] AndroidManifest.xml:27:5-81
42-->[androidx.work:work-runtime:2.7.1] AndroidManifest.xml:27:22-78
43
44    <permission
44-->[androidx.core:core:1.10.0] AndroidManifest.xml:22:5-24:47
45        android:name="co.hussain.voicechatapp.DYNAMIC_RECEIVER_NOT_EXPORTED_PERMISSION"
45-->[androidx.core:core:1.10.0] AndroidManifest.xml:23:9-81
46        android:protectionLevel="signature" />
46-->[androidx.core:core:1.10.0] AndroidManifest.xml:24:9-44
47
48    <uses-permission android:name="co.hussain.voicechatapp.DYNAMIC_RECEIVER_NOT_EXPORTED_PERMISSION" />
48-->[androidx.core:core:1.10.0] AndroidManifest.xml:26:5-97
48-->[androidx.core:core:1.10.0] AndroidManifest.xml:26:22-94
49    <uses-permission android:name="android.permission.GET_TASKS" />
49-->[im.zego:zpns:2.3.0] AndroidManifest.xml:14:5-68
49-->[im.zego:zpns:2.3.0] AndroidManifest.xml:14:22-65
50
51    <application
52        android:name="android.app.Application"
53        android:appComponentFactory="androidx.core.app.CoreComponentFactory"
53-->[androidx.core:core:1.10.0] AndroidManifest.xml:28:18-86
54        android:debuggable="true"
55        android:icon="@mipmap/ic_launcher"
56        android:label="VoiceChatApp" >
57        <activity
58            android:name="com.example.flutter_live_streaming_app.MainActivity"
59            android:configChanges="orientation|keyboardHidden|keyboard|screenSize|smallestScreenSize|locale|layoutDirection|fontScale|screenLayout|density|uiMode"
60            android:exported="true"
61            android:hardwareAccelerated="true"
62            android:launchMode="singleTop"
63            android:theme="@style/LaunchTheme"
64            android:windowSoftInputMode="adjustResize" >
65
66            <!--
67			Specifies an Android theme to apply to this Activity as soon as
68			the Android process has started. This theme is visible to the user
69			while the Flutter UI initializes. After that, this theme continues
70			to determine the Window background behind the Flutter UI.
71            -->
72            <meta-data
73                android:name="io.flutter.embedding.android.NormalTheme"
74                android:resource="@style/NormalTheme" />
75
76            <intent-filter>
77                <action android:name="android.intent.action.MAIN" />
78
79                <category android:name="android.intent.category.LAUNCHER" />
80            </intent-filter>
81        </activity>
82        <!--
83		Don't delete the meta-data below.
84		This is used by the Flutter tool to generate GeneratedPluginRegistrant.java
85        -->
86        <meta-data
87            android:name="flutterEmbedding"
88            android:value="2" />
89
90        <service
90-->[:zego_zpns] AndroidManifest.xml:10:9-13:72
91            android:name="im.zego.zpns_flutter.internal.utils.ZPNsMessagingBackgroundService"
91-->[:zego_zpns] AndroidManifest.xml:11:13-94
92            android:exported="false"
92-->[:zego_zpns] AndroidManifest.xml:12:13-37
93            android:permission="android.permission.BIND_JOB_SERVICE" />
93-->[:zego_zpns] AndroidManifest.xml:13:13-69
94
95        <receiver
95-->[:zego_zpns] AndroidManifest.xml:15:9-22:20
96            android:name="im.zego.zpns_flutter.internal.ZPNsPluginEventHandler"
96-->[:zego_zpns] AndroidManifest.xml:16:13-80
97            android:enabled="true"
97-->[:zego_zpns] AndroidManifest.xml:17:13-35
98            android:exported="true" >
98-->[:zego_zpns] AndroidManifest.xml:18:13-36
99            <intent-filter>
99-->[:zego_zpns] AndroidManifest.xml:19:13-21:29
100                <action android:name="im.zego.zim.zpns.intent.action.MESSAGE" />
100-->[:zego_zpns] AndroidManifest.xml:20:17-81
100-->[:zego_zpns] AndroidManifest.xml:20:25-78
101            </intent-filter>
102        </receiver>
103
104        <activity
104-->[:zego_express_engine] AndroidManifest.xml:12:9-17:64
105            android:name="im.zego.internal.screencapture.ZegoScreenCaptureManager$ZegoScreenCaptureAssistantActivity"
105-->[:zego_express_engine] AndroidManifest.xml:13:13-118
106            android:configChanges="screenSize|orientation"
106-->[:zego_express_engine] AndroidManifest.xml:14:13-59
107            android:exported="false"
107-->[:zego_express_engine] AndroidManifest.xml:15:13-37
108            android:screenOrientation="fullUser"
108-->[:zego_express_engine] AndroidManifest.xml:16:13-49
109            android:theme="@android:style/Theme.Translucent" />
109-->[:zego_express_engine] AndroidManifest.xml:17:13-61
110
111        <service
111-->[:zego_express_engine] AndroidManifest.xml:19:9-27:19
112            android:name="im.zego.internal.screencapture.ZegoScreenCaptureService"
112-->[:zego_express_engine] AndroidManifest.xml:20:13-83
113            android:enabled="true"
113-->[:zego_express_engine] AndroidManifest.xml:21:13-35
114            android:exported="false"
114-->[:zego_express_engine] AndroidManifest.xml:22:13-37
115            android:foregroundServiceType="mediaProjection" >
115-->[:zego_express_engine] AndroidManifest.xml:23:13-60
116            <intent-filter>
116-->[:zego_express_engine] AndroidManifest.xml:24:13-26:29
117                <action android:name="android.intent.action.screenshare" />
117-->[:zego_express_engine] AndroidManifest.xml:25:17-76
117-->[:zego_express_engine] AndroidManifest.xml:25:25-73
118            </intent-filter>
119        </service>
120
121        <activity
121-->[:flutter_callkit_incoming] AndroidManifest.xml:16:9-31:20
122            android:name="com.hiennv.flutter_callkit_incoming.CallkitIncomingActivity"
122-->[:flutter_callkit_incoming] AndroidManifest.xml:17:13-87
123            android:configChanges="orientation"
123-->[:flutter_callkit_incoming] AndroidManifest.xml:18:13-48
124            android:excludeFromRecents="true"
124-->[:flutter_callkit_incoming] AndroidManifest.xml:19:13-46
125            android:exported="true"
125-->[:flutter_callkit_incoming] AndroidManifest.xml:20:13-36
126            android:noHistory="true"
126-->[:flutter_callkit_incoming] AndroidManifest.xml:21:13-37
127            android:showOnLockScreen="true"
127-->[:flutter_callkit_incoming] AndroidManifest.xml:22:13-44
128            android:taskAffinity="com.hiennv.flutter_callkit_incoming.INCOMING_CALL_AFFINITY"
128-->[:flutter_callkit_incoming] AndroidManifest.xml:23:13-94
129            android:theme="@style/CallkitIncomingTheme"
129-->[:flutter_callkit_incoming] AndroidManifest.xml:24:13-56
130            android:turnScreenOn="true" >
130-->[:flutter_callkit_incoming] AndroidManifest.xml:25:13-40
131            <intent-filter>
131-->[:flutter_callkit_incoming] AndroidManifest.xml:26:13-30:29
132                <action android:name="co.hussain.voicechatapp.com.hiennv.flutter_callkit_incoming.ACTION_CALL_INCOMING" />
132-->[:flutter_callkit_incoming] AndroidManifest.xml:27:17-116
132-->[:flutter_callkit_incoming] AndroidManifest.xml:27:25-113
133
134                <category android:name="android.intent.category.DEFAULT" />
134-->[:flutter_callkit_incoming] AndroidManifest.xml:29:17-76
134-->[:flutter_callkit_incoming] AndroidManifest.xml:29:27-73
135            </intent-filter>
136        </activity>
137        <activity
137-->[:flutter_callkit_incoming] AndroidManifest.xml:32:9-35:55
138            android:name="com.hiennv.flutter_callkit_incoming.TransparentActivity"
138-->[:flutter_callkit_incoming] AndroidManifest.xml:33:13-83
139            android:exported="false"
139-->[:flutter_callkit_incoming] AndroidManifest.xml:34:13-37
140            android:theme="@style/TranslucentTheme" />
140-->[:flutter_callkit_incoming] AndroidManifest.xml:35:13-52
141
142        <receiver
142-->[:flutter_callkit_incoming] AndroidManifest.xml:37:9-48:20
143            android:name="com.hiennv.flutter_callkit_incoming.CallkitIncomingBroadcastReceiver"
143-->[:flutter_callkit_incoming] AndroidManifest.xml:38:13-96
144            android:enabled="true"
144-->[:flutter_callkit_incoming] AndroidManifest.xml:39:13-35
145            android:exported="true" >
145-->[:flutter_callkit_incoming] AndroidManifest.xml:40:13-36
146            <intent-filter>
146-->[:flutter_callkit_incoming] AndroidManifest.xml:41:13-47:29
147                <action android:name="co.hussain.voicechatapp.com.hiennv.flutter_callkit_incoming.ACTION_CALL_INCOMING" />
147-->[:flutter_callkit_incoming] AndroidManifest.xml:27:17-116
147-->[:flutter_callkit_incoming] AndroidManifest.xml:27:25-113
148                <action android:name="co.hussain.voicechatapp.com.hiennv.flutter_callkit_incoming.ACTION_CALL_ACCEPT" />
148-->[:flutter_callkit_incoming] AndroidManifest.xml:43:17-114
148-->[:flutter_callkit_incoming] AndroidManifest.xml:43:25-111
149                <action android:name="co.hussain.voicechatapp.com.hiennv.flutter_callkit_incoming.ACTION_CALL_DECLINE" />
149-->[:flutter_callkit_incoming] AndroidManifest.xml:44:17-115
149-->[:flutter_callkit_incoming] AndroidManifest.xml:44:25-112
150                <action android:name="co.hussain.voicechatapp.com.hiennv.flutter_callkit_incoming.ACTION_CALL_ENDED" />
150-->[:flutter_callkit_incoming] AndroidManifest.xml:45:17-113
150-->[:flutter_callkit_incoming] AndroidManifest.xml:45:25-110
151                <action android:name="co.hussain.voicechatapp.com.hiennv.flutter_callkit_incoming.ACTION_CALL_TIMEOUT" />
151-->[:flutter_callkit_incoming] AndroidManifest.xml:46:17-115
151-->[:flutter_callkit_incoming] AndroidManifest.xml:46:25-112
152            </intent-filter>
153        </receiver>
154
155        <service
155-->[:flutter_callkit_incoming] AndroidManifest.xml:50:9-53:39
156            android:name="com.hiennv.flutter_callkit_incoming.CallkitSoundPlayerService"
156-->[:flutter_callkit_incoming] AndroidManifest.xml:51:13-89
157            android:enabled="true"
157-->[:flutter_callkit_incoming] AndroidManifest.xml:52:13-35
158            android:exported="true" /> <!-- Mqtt Service -->
158-->[:flutter_callkit_incoming] AndroidManifest.xml:53:13-36
159        <service android:name="org.eclipse.paho.android.service.MqttService" />
159-->[com.github.umair13adil:RxLogs:1.0.18] AndroidManifest.xml:18:9-80
159-->[com.github.umair13adil:RxLogs:1.0.18] AndroidManifest.xml:18:18-77
160
161        <uses-library
161-->[androidx.window:window:1.0.0-beta04] AndroidManifest.xml:25:9-27:40
162            android:name="androidx.window.extensions"
162-->[androidx.window:window:1.0.0-beta04] AndroidManifest.xml:26:13-54
163            android:required="false" />
163-->[androidx.window:window:1.0.0-beta04] AndroidManifest.xml:27:13-37
164        <uses-library
164-->[androidx.window:window:1.0.0-beta04] AndroidManifest.xml:28:9-30:40
165            android:name="androidx.window.sidecar"
165-->[androidx.window:window:1.0.0-beta04] AndroidManifest.xml:29:13-51
166            android:required="false" />
166-->[androidx.window:window:1.0.0-beta04] AndroidManifest.xml:30:13-37
167
168        <provider
168-->[androidx.work:work-runtime:2.7.1] AndroidManifest.xml:31:9-39:20
169            android:name="androidx.startup.InitializationProvider"
169-->[androidx.work:work-runtime:2.7.1] AndroidManifest.xml:32:13-67
170            android:authorities="co.hussain.voicechatapp.androidx-startup"
170-->[androidx.work:work-runtime:2.7.1] AndroidManifest.xml:33:13-68
171            android:exported="false" >
171-->[androidx.work:work-runtime:2.7.1] AndroidManifest.xml:34:13-37
172            <meta-data
172-->[androidx.work:work-runtime:2.7.1] AndroidManifest.xml:36:13-38:52
173                android:name="androidx.work.WorkManagerInitializer"
173-->[androidx.work:work-runtime:2.7.1] AndroidManifest.xml:37:17-68
174                android:value="androidx.startup" />
174-->[androidx.work:work-runtime:2.7.1] AndroidManifest.xml:38:17-49
175            <meta-data
175-->[androidx.emoji2:emoji2:1.2.0] AndroidManifest.xml:29:13-31:52
176                android:name="androidx.emoji2.text.EmojiCompatInitializer"
176-->[androidx.emoji2:emoji2:1.2.0] AndroidManifest.xml:30:17-75
177                android:value="androidx.startup" />
177-->[androidx.emoji2:emoji2:1.2.0] AndroidManifest.xml:31:17-49
178            <meta-data
178-->[androidx.lifecycle:lifecycle-process:2.4.1] AndroidManifest.xml:31:13-33:52
179                android:name="androidx.lifecycle.ProcessLifecycleInitializer"
179-->[androidx.lifecycle:lifecycle-process:2.4.1] AndroidManifest.xml:32:17-78
180                android:value="androidx.startup" />
180-->[androidx.lifecycle:lifecycle-process:2.4.1] AndroidManifest.xml:33:17-49
181        </provider>
182
183        <service
183-->[androidx.work:work-runtime:2.7.1] AndroidManifest.xml:41:9-46:35
184            android:name="androidx.work.impl.background.systemalarm.SystemAlarmService"
184-->[androidx.work:work-runtime:2.7.1] AndroidManifest.xml:42:13-88
185            android:directBootAware="false"
185-->[androidx.work:work-runtime:2.7.1] AndroidManifest.xml:43:13-44
186            android:enabled="@bool/enable_system_alarm_service_default"
186-->[androidx.work:work-runtime:2.7.1] AndroidManifest.xml:44:13-72
187            android:exported="false" />
187-->[androidx.work:work-runtime:2.7.1] AndroidManifest.xml:45:13-37
188        <service
188-->[androidx.work:work-runtime:2.7.1] AndroidManifest.xml:47:9-53:35
189            android:name="androidx.work.impl.background.systemjob.SystemJobService"
189-->[androidx.work:work-runtime:2.7.1] AndroidManifest.xml:48:13-84
190            android:directBootAware="false"
190-->[androidx.work:work-runtime:2.7.1] AndroidManifest.xml:49:13-44
191            android:enabled="@bool/enable_system_job_service_default"
191-->[androidx.work:work-runtime:2.7.1] AndroidManifest.xml:50:13-70
192            android:exported="true"
192-->[androidx.work:work-runtime:2.7.1] AndroidManifest.xml:51:13-36
193            android:permission="android.permission.BIND_JOB_SERVICE" />
193-->[androidx.work:work-runtime:2.7.1] AndroidManifest.xml:52:13-69
194        <service
194-->[androidx.work:work-runtime:2.7.1] AndroidManifest.xml:54:9-59:35
195            android:name="androidx.work.impl.foreground.SystemForegroundService"
195-->[androidx.work:work-runtime:2.7.1] AndroidManifest.xml:55:13-81
196            android:directBootAware="false"
196-->[androidx.work:work-runtime:2.7.1] AndroidManifest.xml:56:13-44
197            android:enabled="@bool/enable_system_foreground_service_default"
197-->[androidx.work:work-runtime:2.7.1] AndroidManifest.xml:57:13-77
198            android:exported="false" />
198-->[androidx.work:work-runtime:2.7.1] AndroidManifest.xml:58:13-37
199
200        <receiver
200-->[androidx.work:work-runtime:2.7.1] AndroidManifest.xml:61:9-66:35
201            android:name="androidx.work.impl.utils.ForceStopRunnable$BroadcastReceiver"
201-->[androidx.work:work-runtime:2.7.1] AndroidManifest.xml:62:13-88
202            android:directBootAware="false"
202-->[androidx.work:work-runtime:2.7.1] AndroidManifest.xml:63:13-44
203            android:enabled="true"
203-->[androidx.work:work-runtime:2.7.1] AndroidManifest.xml:64:13-35
204            android:exported="false" />
204-->[androidx.work:work-runtime:2.7.1] AndroidManifest.xml:65:13-37
205        <receiver
205-->[androidx.work:work-runtime:2.7.1] AndroidManifest.xml:67:9-77:20
206            android:name="androidx.work.impl.background.systemalarm.ConstraintProxy$BatteryChargingProxy"
206-->[androidx.work:work-runtime:2.7.1] AndroidManifest.xml:68:13-106
207            android:directBootAware="false"
207-->[androidx.work:work-runtime:2.7.1] AndroidManifest.xml:69:13-44
208            android:enabled="false"
208-->[androidx.work:work-runtime:2.7.1] AndroidManifest.xml:70:13-36
209            android:exported="false" >
209-->[androidx.work:work-runtime:2.7.1] AndroidManifest.xml:71:13-37
210            <intent-filter>
210-->[androidx.work:work-runtime:2.7.1] AndroidManifest.xml:73:13-76:29
211                <action android:name="android.intent.action.ACTION_POWER_CONNECTED" />
211-->[androidx.work:work-runtime:2.7.1] AndroidManifest.xml:74:17-87
211-->[androidx.work:work-runtime:2.7.1] AndroidManifest.xml:74:25-84
212                <action android:name="android.intent.action.ACTION_POWER_DISCONNECTED" />
212-->[androidx.work:work-runtime:2.7.1] AndroidManifest.xml:75:17-90
212-->[androidx.work:work-runtime:2.7.1] AndroidManifest.xml:75:25-87
213            </intent-filter>
214        </receiver>
215        <receiver
215-->[androidx.work:work-runtime:2.7.1] AndroidManifest.xml:78:9-88:20
216            android:name="androidx.work.impl.background.systemalarm.ConstraintProxy$BatteryNotLowProxy"
216-->[androidx.work:work-runtime:2.7.1] AndroidManifest.xml:79:13-104
217            android:directBootAware="false"
217-->[androidx.work:work-runtime:2.7.1] AndroidManifest.xml:80:13-44
218            android:enabled="false"
218-->[androidx.work:work-runtime:2.7.1] AndroidManifest.xml:81:13-36
219            android:exported="false" >
219-->[androidx.work:work-runtime:2.7.1] AndroidManifest.xml:82:13-37
220            <intent-filter>
220-->[androidx.work:work-runtime:2.7.1] AndroidManifest.xml:84:13-87:29
221                <action android:name="android.intent.action.BATTERY_OKAY" />
221-->[androidx.work:work-runtime:2.7.1] AndroidManifest.xml:85:17-77
221-->[androidx.work:work-runtime:2.7.1] AndroidManifest.xml:85:25-74
222                <action android:name="android.intent.action.BATTERY_LOW" />
222-->[androidx.work:work-runtime:2.7.1] AndroidManifest.xml:86:17-76
222-->[androidx.work:work-runtime:2.7.1] AndroidManifest.xml:86:25-73
223            </intent-filter>
224        </receiver>
225        <receiver
225-->[androidx.work:work-runtime:2.7.1] AndroidManifest.xml:89:9-99:20
226            android:name="androidx.work.impl.background.systemalarm.ConstraintProxy$StorageNotLowProxy"
226-->[androidx.work:work-runtime:2.7.1] AndroidManifest.xml:90:13-104
227            android:directBootAware="false"
227-->[androidx.work:work-runtime:2.7.1] AndroidManifest.xml:91:13-44
228            android:enabled="false"
228-->[androidx.work:work-runtime:2.7.1] AndroidManifest.xml:92:13-36
229            android:exported="false" >
229-->[androidx.work:work-runtime:2.7.1] AndroidManifest.xml:93:13-37
230            <intent-filter>
230-->[androidx.work:work-runtime:2.7.1] AndroidManifest.xml:95:13-98:29
231                <action android:name="android.intent.action.DEVICE_STORAGE_LOW" />
231-->[androidx.work:work-runtime:2.7.1] AndroidManifest.xml:96:17-83
231-->[androidx.work:work-runtime:2.7.1] AndroidManifest.xml:96:25-80
232                <action android:name="android.intent.action.DEVICE_STORAGE_OK" />
232-->[androidx.work:work-runtime:2.7.1] AndroidManifest.xml:97:17-82
232-->[androidx.work:work-runtime:2.7.1] AndroidManifest.xml:97:25-79
233            </intent-filter>
234        </receiver>
235        <receiver
235-->[androidx.work:work-runtime:2.7.1] AndroidManifest.xml:100:9-109:20
236            android:name="androidx.work.impl.background.systemalarm.ConstraintProxy$NetworkStateProxy"
236-->[androidx.work:work-runtime:2.7.1] AndroidManifest.xml:101:13-103
237            android:directBootAware="false"
237-->[androidx.work:work-runtime:2.7.1] AndroidManifest.xml:102:13-44
238            android:enabled="false"
238-->[androidx.work:work-runtime:2.7.1] AndroidManifest.xml:103:13-36
239            android:exported="false" >
239-->[androidx.work:work-runtime:2.7.1] AndroidManifest.xml:104:13-37
240            <intent-filter>
240-->[androidx.work:work-runtime:2.7.1] AndroidManifest.xml:106:13-108:29
241                <action android:name="android.net.conn.CONNECTIVITY_CHANGE" />
241-->[androidx.work:work-runtime:2.7.1] AndroidManifest.xml:107:17-79
241-->[androidx.work:work-runtime:2.7.1] AndroidManifest.xml:107:25-76
242            </intent-filter>
243        </receiver>
244        <receiver
244-->[androidx.work:work-runtime:2.7.1] AndroidManifest.xml:110:9-121:20
245            android:name="androidx.work.impl.background.systemalarm.RescheduleReceiver"
245-->[androidx.work:work-runtime:2.7.1] AndroidManifest.xml:111:13-88
246            android:directBootAware="false"
246-->[androidx.work:work-runtime:2.7.1] AndroidManifest.xml:112:13-44
247            android:enabled="false"
247-->[androidx.work:work-runtime:2.7.1] AndroidManifest.xml:113:13-36
248            android:exported="false" >
248-->[androidx.work:work-runtime:2.7.1] AndroidManifest.xml:114:13-37
249            <intent-filter>
249-->[androidx.work:work-runtime:2.7.1] AndroidManifest.xml:116:13-120:29
250                <action android:name="android.intent.action.BOOT_COMPLETED" />
250-->[androidx.work:work-runtime:2.7.1] AndroidManifest.xml:117:17-79
250-->[androidx.work:work-runtime:2.7.1] AndroidManifest.xml:117:25-76
251                <action android:name="android.intent.action.TIME_SET" />
251-->[androidx.work:work-runtime:2.7.1] AndroidManifest.xml:118:17-73
251-->[androidx.work:work-runtime:2.7.1] AndroidManifest.xml:118:25-70
252                <action android:name="android.intent.action.TIMEZONE_CHANGED" />
252-->[androidx.work:work-runtime:2.7.1] AndroidManifest.xml:119:17-81
252-->[androidx.work:work-runtime:2.7.1] AndroidManifest.xml:119:25-78
253            </intent-filter>
254        </receiver>
255        <receiver
255-->[androidx.work:work-runtime:2.7.1] AndroidManifest.xml:122:9-131:20
256            android:name="androidx.work.impl.background.systemalarm.ConstraintProxyUpdateReceiver"
256-->[androidx.work:work-runtime:2.7.1] AndroidManifest.xml:123:13-99
257            android:directBootAware="false"
257-->[androidx.work:work-runtime:2.7.1] AndroidManifest.xml:124:13-44
258            android:enabled="@bool/enable_system_alarm_service_default"
258-->[androidx.work:work-runtime:2.7.1] AndroidManifest.xml:125:13-72
259            android:exported="false" >
259-->[androidx.work:work-runtime:2.7.1] AndroidManifest.xml:126:13-37
260            <intent-filter>
260-->[androidx.work:work-runtime:2.7.1] AndroidManifest.xml:128:13-130:29
261                <action android:name="androidx.work.impl.background.systemalarm.UpdateProxies" />
261-->[androidx.work:work-runtime:2.7.1] AndroidManifest.xml:129:17-98
261-->[androidx.work:work-runtime:2.7.1] AndroidManifest.xml:129:25-95
262            </intent-filter>
263        </receiver>
264        <receiver
264-->[androidx.work:work-runtime:2.7.1] AndroidManifest.xml:132:9-142:20
265            android:name="androidx.work.impl.diagnostics.DiagnosticsReceiver"
265-->[androidx.work:work-runtime:2.7.1] AndroidManifest.xml:133:13-78
266            android:directBootAware="false"
266-->[androidx.work:work-runtime:2.7.1] AndroidManifest.xml:134:13-44
267            android:enabled="true"
267-->[androidx.work:work-runtime:2.7.1] AndroidManifest.xml:135:13-35
268            android:exported="true"
268-->[androidx.work:work-runtime:2.7.1] AndroidManifest.xml:136:13-36
269            android:permission="android.permission.DUMP" >
269-->[androidx.work:work-runtime:2.7.1] AndroidManifest.xml:137:13-57
270            <intent-filter>
270-->[androidx.work:work-runtime:2.7.1] AndroidManifest.xml:139:13-141:29
271                <action android:name="androidx.work.diagnostics.REQUEST_DIAGNOSTICS" />
271-->[androidx.work:work-runtime:2.7.1] AndroidManifest.xml:140:17-88
271-->[androidx.work:work-runtime:2.7.1] AndroidManifest.xml:140:25-85
272            </intent-filter>
273        </receiver>
274
275        <provider
275-->[com.squareup.picasso:picasso:2.71828] AndroidManifest.xml:8:9-11:40
276            android:name="com.squareup.picasso.PicassoProvider"
276-->[com.squareup.picasso:picasso:2.71828] AndroidManifest.xml:9:13-64
277            android:authorities="co.hussain.voicechatapp.com.squareup.picasso"
277-->[com.squareup.picasso:picasso:2.71828] AndroidManifest.xml:10:13-72
278            android:exported="false" />
278-->[com.squareup.picasso:picasso:2.71828] AndroidManifest.xml:11:13-37
279
280        <service
280-->[androidx.room:room-runtime:2.2.5] AndroidManifest.xml:25:9-28:40
281            android:name="androidx.room.MultiInstanceInvalidationService"
281-->[androidx.room:room-runtime:2.2.5] AndroidManifest.xml:26:13-74
282            android:directBootAware="true"
282-->[androidx.room:room-runtime:2.2.5] AndroidManifest.xml:27:13-43
283            android:exported="false" /> <!-- 小米推送 -->
283-->[androidx.room:room-runtime:2.2.5] AndroidManifest.xml:28:13-37
284        <service
284-->[im.zego:zpns:2.3.0] AndroidManifest.xml:27:9-32:46
285            android:name="com.xiaomi.push.service.XMJobService"
285-->[im.zego:zpns:2.3.0] AndroidManifest.xml:28:13-64
286            android:enabled="true"
286-->[im.zego:zpns:2.3.0] AndroidManifest.xml:29:13-35
287            android:exported="false"
287-->[im.zego:zpns:2.3.0] AndroidManifest.xml:30:13-37
288            android:permission="android.permission.BIND_JOB_SERVICE"
288-->[im.zego:zpns:2.3.0] AndroidManifest.xml:31:13-69
289            android:process=":pushservice" /> <!-- FCM推送 -->
289-->[im.zego:zpns:2.3.0] AndroidManifest.xml:32:13-43
290        <service
290-->[im.zego:zpns:2.3.0] AndroidManifest.xml:35:9-41:19
291            android:name="im.zego.zpns.internal.receiver.FCMMessageService"
291-->[im.zego:zpns:2.3.0] AndroidManifest.xml:36:13-76
292            android:exported="false" >
292-->[im.zego:zpns:2.3.0] AndroidManifest.xml:37:13-37
293            <intent-filter>
293-->[im.zego:zpns:2.3.0] AndroidManifest.xml:38:13-40:29
294                <action android:name="com.google.firebase.MESSAGING_EVENT" />
294-->[im.zego:zpns:2.3.0] AndroidManifest.xml:39:17-78
294-->[im.zego:zpns:2.3.0] AndroidManifest.xml:39:25-75
295            </intent-filter>
296        </service>
297        <service
297-->[im.zego:zpns:2.3.0] AndroidManifest.xml:42:9-46:46
298            android:name="com.xiaomi.push.service.XMPushService"
298-->[im.zego:zpns:2.3.0] AndroidManifest.xml:43:13-65
299            android:enabled="true"
299-->[im.zego:zpns:2.3.0] AndroidManifest.xml:44:13-35